<?xml version="1.0" encoding="UTF-8"?>
<!-- Generated by org.testng.reporters.JUnitXMLReporter -->
<testsuite hostname="P5-GL3G882" name="Test" tests="2" failures="1" timestamp="19 Mar 2019 06:45:01 GMT" time="2.721" errors="0">
  <testcase name="FirstMethod" time="0.029" classname="testNGListners.TestCases"/>
  <testcase name="secondMethod" time="0.004" classname="testNGListners.TestCases">
    <failure type="java.lang.AssertionError" message="expected [true] but found [false]">
      <![CDATA[java.lang.AssertionError: expected [true] but found [false]
	at testNGListners.TestCaseMethods.secondMethod(TestCaseMethods.java:47)
	at testNGListners.TestCases.secondMethod(TestCases.java:102)
... Removed 28 stack frames]]>
    </failure>
  </testcase> <!-- secondMethod -->
</testsuite> <!-- Test -->
